<?xml version="1.0" encoding="UTF-8"?>
<!-- Generated by org.testng.reporters.JUnitReportReporter -->
<testsuite hostname="admin-PC" failures="0" tests="1" name="TestBaseClass.Test_Class" time="21.665" errors="0" timestamp="2023-08-29T15:00:07 IST" skipped="0">
  <testcase classname="TestBaseClass.Test_Class" name="Initionlising" time="21.665"/>
  <system-out/>
</testsuite> <!-- TestBaseClass.Test_Class -->
